<?xml version="1.0" encoding="UTF-8"?>
<!-- Generated by org.testng.reporters.JUnitReportReporter -->
<testsuite hostname="SAI-LAPTOPHP" name="driverfactory.Driverscript" tests="1" failures="0" timestamp="22 Sep 2022 07:11:29 GMT" time="4.053" errors="0">
  <testcase name="starttest" time="4.053" classname="driverfactory.Driverscript"/>
</testsuite> <!-- driverfactory.Driverscript -->
